<?xml version="1.0" encoding="UTF-8"?>
<!-- Generated by org.testng.reporters.JUnitReportReporter -->
<testsuite hostname="DESKTOP-80S1BNG" failures="0" tests="1" name="api.tests.OrderTest" time="4.437" errors="0" timestamp="2024-05-15T00:07:08 CEST" skipped="0">
  <testcase classname="api.tests.OrderTest" name="placeOrderSuccess" time="4.437"/>
</testsuite> <!-- api.tests.OrderTest -->
