<?xml version="1.0" encoding="UTF-8"?>
<!-- Generated by org.testng.reporters.JUnitReportReporter -->
<testsuite hostname="DESKTOP-80S1BNG" failures="0" tests="1" name="api.tests.UserTest" time="3.859" errors="0" timestamp="2024-05-14T11:42:55 CEST" skipped="0">
  <testcase classname="api.tests.UserTest" name="getUserByIdSuccess" time="3.859"/>
</testsuite> <!-- api.tests.UserTest -->
